<?xml version="1.0" encoding="utf-8"?>
<test-run id="2" name="Memory.API.exe" fullname="D:/.Net6Projs/Disposable/bin/Debug/Memory.API.exe" testcasecount="5" result="Passed" start-time="2022-09-12 11:26:58Z" end-time="2022-09-12 11:27:00Z" duration="2.283987" total="5" passed="5" failed="0" inconclusive="0" skipped="0" asserts="9" random-seed="817242330">
  <command-line><![CDATA["D:\.Net6Projs\Disposable\bin\Debug\Memory.API.exe" ]]></command-line>
  <filter />
  <test-suite type="Assembly" id="1006" name="Memory.API.exe" fullname="D:/.Net6Projs/Disposable/bin/Debug/Memory.API.exe" runstate="Runnable" testcasecount="5" result="Passed" start-time="2022-09-12 11:26:58Z" end-time="2022-09-12 11:27:00Z" duration="2.283987" total="5" passed="5" failed="0" warnings="0" inconclusive="0" skipped="0" asserts="9">
    <environment framework-version="3.6.0.0" clr-version="4.0.30319.42000" os-version="Microsoft Windows NT 6.2.9200.0" platform="Win32NT" cwd="D:\.Net6Projs\Disposable\bin\Debug" machine-name="EVGENY-PC" user="Evgeny" user-domain="EVGENY-PC" culture="ru-RU" uiculture="ru-RU" os-architecture="x86" />
    <settings>
      <setting name="WorkDirectory" value="D:\.Net6Projs\Disposable\bin\Debug" />
      <setting name="NumberOfTestWorkers" value="8" />
    </settings>
    <properties>
      <property name="_PID" value="11668" />
      <property name="_APPDOMAIN" value="Memory.API.exe" />
    </properties>
    <test-suite type="TestSuite" id="1007" name="Memory" fullname="Memory" runstate="Runnable" testcasecount="5" result="Passed" start-time="2022-09-12 11:26:58Z" end-time="2022-09-12 11:27:00Z" duration="2.252362" total="5" passed="5" failed="0" warnings="0" inconclusive="0" skipped="0" asserts="9">
      <test-suite type="TestSuite" id="1008" name="API" fullname="Memory.API" runstate="Runnable" testcasecount="5" result="Passed" start-time="2022-09-12 11:26:58Z" end-time="2022-09-12 11:27:00Z" duration="2.223086" total="5" passed="5" failed="0" warnings="0" inconclusive="0" skipped="0" asserts="9">
        <test-suite type="TestFixture" id="1000" name="APIObject_should" fullname="Memory.API.APIObject_should" classname="Memory.API.APIObject_should" runstate="Runnable" testcasecount="5" result="Passed" start-time="2022-09-12 11:26:58Z" end-time="2022-09-12 11:27:00Z" duration="2.191457" total="5" passed="5" failed="0" warnings="0" inconclusive="0" skipped="0" asserts="9">
          <test-case id="1005" name="DisposeDontCrashFinalizer" fullname="Memory.API.APIObject_should.DisposeDontCrashFinalizer" methodname="DisposeDontCrashFinalizer" classname="Memory.API.APIObject_should" runstate="Runnable" seed="2129726077" result="Passed" start-time="2022-09-12 11:26:58Z" end-time="2022-09-12 11:26:59Z" duration="1.023060" asserts="2" />
          <test-case id="1003" name="DontFailWhenTwoDisposeAreCalled" fullname="Memory.API.APIObject_should.DontFailWhenTwoDisposeAreCalled" methodname="DontFailWhenTwoDisposeAreCalled" classname="Memory.API.APIObject_should" runstate="Runnable" seed="2104999587" result="Passed" start-time="2022-09-12 11:26:59Z" end-time="2022-09-12 11:26:59Z" duration="0.001448" asserts="2" />
          <test-case id="1002" name="FreeResourcesInUsing" fullname="Memory.API.APIObject_should.FreeResourcesInUsing" methodname="FreeResourcesInUsing" classname="Memory.API.APIObject_should" runstate="Runnable" seed="1231973865" result="Passed" start-time="2022-09-12 11:26:59Z" end-time="2022-09-12 11:26:59Z" duration="0.000400" asserts="2" />
          <test-case id="1001" name="FreeResourcesWhenDisposeCalled" fullname="Memory.API.APIObject_should.FreeResourcesWhenDisposeCalled" methodname="FreeResourcesWhenDisposeCalled" classname="Memory.API.APIObject_should" runstate="Runnable" seed="455954488" result="Passed" start-time="2022-09-12 11:26:59Z" end-time="2022-09-12 11:26:59Z" duration="0.000294" asserts="2" />
          <test-case id="1004" name="HaveFinalizer" fullname="Memory.API.APIObject_should.HaveFinalizer" methodname="HaveFinalizer" classname="Memory.API.APIObject_should" runstate="Runnable" seed="1300439874" result="Passed" start-time="2022-09-12 11:26:59Z" end-time="2022-09-12 11:27:00Z" duration="1.013611" asserts="1" />
        </test-suite>
      </test-suite>
    </test-suite>
  </test-suite>
</test-run>